app/build/outputs/logs/manifest-merger-debug-report.txt
-- Merging decision tree log ---
manifest
ADDED from src/main/AndroidManifest.xml:2:1-76:12
	package
		ADDED from src/main/AndroidManifest.xml:3:5-32
		INJECTED from src/main/AndroidManifest.xml
		INJECTED from src/main/AndroidManifest.xml
	android:versionName
		ADDED from src/main/AndroidManifest.xml:5:5-30
		INJECTED from src/main/AndroidManifest.xml
		INJECTED from src/main/AndroidManifest.xml
	android:versionCode
		ADDED from src/main/AndroidManifest.xml:4:5-28
		INJECTED from src/main/AndroidManifest.xml
		INJECTED from src/main/AndroidManifest.xml
	xmlns:android
		ADDED from src/main/AndroidManifest.xml:2:11-69
uses-sdk
ADDED from src/main/AndroidManifest.xml:6:5-8:41
MERGED from [xinlv1:MPChartLib:unspecified] AndroidManifest.xml:17:5-19:41
	android:targetSdkVersion
		ADDED from src/main/AndroidManifest.xml:8:9-38
		INJECTED from src/main/AndroidManifest.xml
		INJECTED from src/main/AndroidManifest.xml
	android:minSdkVersion
		ADDED from src/main/AndroidManifest.xml:7:9-35
		INJECTED from src/main/AndroidManifest.xml
		INJECTED from src/main/AndroidManifest.xml
uses-permission#android.permission.WAKE_LOCK
ADDED from src/main/AndroidManifest.xml:10:5-68
	android:name
		ADDED from src/main/AndroidManifest.xml:10:22-65
uses-permission#android.permission.CAMERA
ADDED from src/main/AndroidManifest.xml:11:5-65
	android:name
		ADDED from src/main/AndroidManifest.xml:11:22-62
uses-permission#android.permission.INTERNET
ADDED from src/main/AndroidManifest.xml:12:5-67
	android:name
		ADDED from src/main/AndroidManifest.xml:12:22-64
uses-permission#android.permission.ACCESS_NETWORK_STATE
ADDED from src/main/AndroidManifest.xml:13:5-79
	android:name
		ADDED from src/main/AndroidManifest.xml:13:22-76
uses-permission#android.permission.ACCESS_WIFI_STATE
ADDED from src/main/AndroidManifest.xml:14:5-76
	android:name
		ADDED from src/main/AndroidManifest.xml:14:22-73
uses-feature#android.hardware.camera
ADDED from src/main/AndroidManifest.xml:16:5-60
	android:name
		ADDED from src/main/AndroidManifest.xml:16:19-57
uses-feature#android.hardware.camera.autofocus
ADDED from src/main/AndroidManifest.xml:17:5-70
	android:name
		ADDED from src/main/AndroidManifest.xml:17:19-67
uses-permission#android.permission.WRITE_EXTERNAL_STORAGE
ADDED from src/main/AndroidManifest.xml:19:5-81
	android:name
		ADDED from src/main/AndroidManifest.xml:19:22-78
uses-permission#android.permission.READ_PHONE_STATE
ADDED from src/main/AndroidManifest.xml:20:5-75
	android:name
		ADDED from src/main/AndroidManifest.xml:20:22-72
uses-permission#android.permission.READ_EXTERNAL_STORAGE
ADDED from src/main/AndroidManifest.xml:21:5-80
	android:name
		ADDED from src/main/AndroidManifest.xml:21:22-77
uses-permission#android.permission.ACCESS_COARSE_LOCATION
ADDED from src/main/AndroidManifest.xml:23:5-81
	android:name
		ADDED from src/main/AndroidManifest.xml:23:22-78
uses-permission#android.permission.ACCESS_FINE_LOCATION
ADDED from src/main/AndroidManifest.xml:24:5-79
	android:name
		ADDED from src/main/AndroidManifest.xml:24:22-76
uses-permission#android.permission.CHANGE_WIFI_STATE
ADDED from src/main/AndroidManifest.xml:25:5-76
	android:name
		ADDED from src/main/AndroidManifest.xml:25:22-73
uses-permission#android.permission.CHANGE_CONFIGURATION
ADDED from src/main/AndroidManifest.xml:26:5-79
	android:name
		ADDED from src/main/AndroidManifest.xml:26:22-76
uses-permission#android.permission.WRITE_SETTINGS
ADDED from src/main/AndroidManifest.xml:28:5-73
	android:name
		ADDED from src/main/AndroidManifest.xml:28:22-70
application
ADDED from src/main/AndroidManifest.xml:30:5-74:19
	android:label
		ADDED from src/main/AndroidManifest.xml:33:9-41
	android:allowBackup
		ADDED from src/main/AndroidManifest.xml:31:9-35
	android:icon
		ADDED from src/main/AndroidManifest.xml:32:9-45
	android:theme
		ADDED from src/main/AndroidManifest.xml:34:9-40
meta-data#com.amap.api.v2.apikey
ADDED from src/main/AndroidManifest.xml:35:9-37:64
	android:value
		ADDED from src/main/AndroidManifest.xml:37:13-61
	android:name
		ADDED from src/main/AndroidManifest.xml:36:13-50
activity#com.example.xinlv.MenuActivity
ADDED from src/main/AndroidManifest.xml:38:9-46:20
	android:label
		ADDED from src/main/AndroidManifest.xml:40:13-45
	android:name
		ADDED from src/main/AndroidManifest.xml:39:13-41
intent-filter#android.intent.action.MAIN+android.intent.category.LAUNCHER
ADDED from src/main/AndroidManifest.xml:41:13-45:29
action#android.intent.action.MAIN
ADDED from src/main/AndroidManifest.xml:42:17-69
	android:name
		ADDED from src/main/AndroidManifest.xml:42:25-66
category#android.intent.category.LAUNCHER
ADDED from src/main/AndroidManifest.xml:44:17-77
	android:name
		ADDED from src/main/AndroidManifest.xml:44:27-74
activity#com.example.xinlv.MainActivity
ADDED from src/main/AndroidManifest.xml:47:9-83
	android:label
		ADDED from src/main/AndroidManifest.xml:47:48-80
	android:name
		ADDED from src/main/AndroidManifest.xml:47:19-47
activity#com.example.xinlv.WebActivity
ADDED from src/main/AndroidManifest.xml:49:9-52:69
	android:launchMode
		ADDED from src/main/AndroidManifest.xml:51:13-48
	android:theme
		ADDED from src/main/AndroidManifest.xml:52:13-66
	android:name
		ADDED from src/main/AndroidManifest.xml:50:13-40
activity#com.example.xinlv.ChartActivity
ADDED from src/main/AndroidManifest.xml:53:9-55:60
	android:label
		ADDED from src/main/AndroidManifest.xml:55:13-57
	android:name
		ADDED from src/main/AndroidManifest.xml:54:13-42
activity#com.example.xinlv.EyeActivity
ADDED from src/main/AndroidManifest.xml:56:9-49
	android:name
		ADDED from src/main/AndroidManifest.xml:56:19-46
activity#com.example.xinlv.PrincipleActivity
ADDED from src/main/AndroidManifest.xml:57:9-64
	android:name
		ADDED from src/main/AndroidManifest.xml:57:19-52
service#com.amap.api.location.APSService
ADDED from src/main/AndroidManifest.xml:61:9-68
	android:name
		ADDED from src/main/AndroidManifest.xml:61:18-65
activity#com.example.xinlv.LocationActivity
ADDED from src/main/AndroidManifest.xml:63:9-129
	android:label
		ADDED from src/main/AndroidManifest.xml:63:52-91
	android:icon
		ADDED from src/main/AndroidManifest.xml:63:92-127
	android:name
		ADDED from src/main/AndroidManifest.xml:63:19-51
service#com.example.xinlv.RunningService
ADDED from src/main/AndroidManifest.xml:66:9-73:19
	android:enabled
		ADDED from src/main/AndroidManifest.xml:68:13-35
	android:exported
		ADDED from src/main/AndroidManifest.xml:69:13-36
	android:name
		ADDED from src/main/AndroidManifest.xml:67:13-43
intent-filter#com.holdfoot.runningmeasure.start
ADDED from src/main/AndroidManifest.xml:70:13-72:29
action#com.holdfoot.runningmeasure.start
ADDED from src/main/AndroidManifest.xml:71:17-76
	android:name
		ADDED from src/main/AndroidManifest.xml:71:25-73